<?xml version="1.0" encoding="UTF-8"?>
<!-- Generated by org.testng.reporters.JUnitReportReporter -->
<testsuite hostname="DESKTOP-Q07UC7H" failures="0" tests="1" name="com.qa.flipkart.tests.LoginPageTest" time="6.861" errors="0" timestamp="2024-09-09T17:17:53 IST" skipped="0">
  <testcase classname="com.qa.flipkart.tests.LoginPageTest" name="searchProductTest" time="6.861"/>
</testsuite> <!-- com.qa.flipkart.tests.LoginPageTest -->
