<?xml version="1.0" encoding="UTF-8"?>
<!-- Generated by org.testng.reporters.JUnitReportReporter -->
<testsuite hostname="DESKTOP-1FQR8B9" failures="0" tests="1" name="com.qa.flipkart.tests.LoginPageTest" time="0.159" errors="0" timestamp="2024-09-30T13:43:31 IST" skipped="0">
  <testcase classname="com.qa.flipkart.tests.LoginPageTest" name="loginPageUrlTest" time="0.159"/>
</testsuite> <!-- com.qa.flipkart.tests.LoginPageTest -->
