<?xml version="1.0" encoding="UTF-8"?>
<!-- Generated by org.testng.reporters.JUnitReportReporter -->
<testsuite hostname="DESKTOP-1FQR8B9" failures="0" tests="1" name="com.qa.flipkart.tests.SearchPageTest" time="6.080" errors="0" timestamp="2024-09-30T13:16:54 IST" skipped="0">
  <testcase classname="com.qa.flipkart.tests.SearchPageTest" name="selectProductTest" time="6.080"/>
</testsuite> <!-- com.qa.flipkart.tests.SearchPageTest -->
